[0.082s] Invoking command in '/home/arbot/dev_ws/build/my_cpp_py_pkg': CMAKE_PREFIX_PATH=${CMAKE_PREFIX_PATH}:/home/arbot/ros2_foxy/install/ros2bag:/home/arbot/ros2_foxy/install/tracetools_launch:/home/arbot/ros2_foxy/install/topic_monitor:/home/arbot/ros2_foxy/install/examples_tf2_py:/home/arbot/ros2_foxy/install/sros2:/home/arbot/ros2_foxy/install/rqt_topic:/home/arbot/ros2_foxy/install/rqt_reconfigure:/home/arbot/ros2_foxy/install/rqt_action:/home/arbot/ros2_foxy/install/rqt:/home/arbot/ros2_foxy/install/rqt_graph:/home/arbot/ros2_foxy/install/rqt_gui_py:/home/arbot/ros2_foxy/install/rqt_gui:/home/arbot/ros2_foxy/install/ros2trace:/home/arbot/ros2_foxy/install/ros2topic:/home/arbot/ros2_foxy/install/ros2test:/home/arbot/ros2_foxy/install/ros2component:/home/arbot/ros2_foxy/install/ros2param:/home/arbot/ros2_foxy/install/ros2lifecycle:/home/arbot/ros2_foxy/install/ros2service:/home/arbot/ros2_foxy/install/ros2run:/home/arbot/ros2_foxy/install/ros2launch:/home/arbot/ros2_foxy/install/ros2pkg:/home/arbot/ros2_foxy/install/ros2node:/home/arbot/ros2_foxy/install/ros2multicast:/home/arbot/ros2_foxy/install/ros2interface:/home/arbot/ros2_foxy/install/ros2doctor:/home/arbot/ros2_foxy/install/ros2action:/home/arbot/ros2_foxy/install/ros2cli:/home/arbot/ros2_foxy/install/quality_of_service_demo_py:/home/arbot/ros2_foxy/install/launch_testing_ros:/home/arbot/ros2_foxy/install/launch_ros:/home/arbot/ros2_foxy/install/examples_rclpy_minimal_subscriber:/home/arbot/ros2_foxy/install/examples_rclpy_minimal_service:/home/arbot/ros2_foxy/install/examples_rclpy_minimal_publisher:/home/arbot/ros2_foxy/install/examples_rclpy_minimal_client:/home/arbot/ros2_foxy/install/examples_rclpy_minimal_action_server:/home/arbot/ros2_foxy/install/examples_rclpy_minimal_action_client:/home/arbot/ros2_foxy/install/examples_rclpy_executors:/home/arbot/ros2_foxy/install/demo_nodes_py:/home/arbot/ros2_foxy/install/action_tutorials_py:/home/arbot/ros2_foxy/install/ament_uncrustify:/home/arbot/ros2_foxy/install/tracetools_trace:/home/arbot/ros2_foxy/install/tracetools_read:/home/arbot/ros2_foxy/install/test_launch_ros:/home/arbot/ros2_foxy/install/rpyutils:/home/arbot/ros2_foxy/install/rosidl_runtime_py:/home/arbot/ros2_foxy/install/launch_yaml:/home/arbot/ros2_foxy/install/launch_xml:/home/arbot/ros2_foxy/install/launch_testing:/home/arbot/ros2_foxy/install/launch:/home/arbot/ros2_foxy/install/osrf_pycommon:/home/arbot/ros2_foxy/install/domain_coordinator:/home/arbot/ros2_foxy/install/ament_xmllint:/home/arbot/ros2_foxy/install/ament_pyflakes:/home/arbot/ros2_foxy/install/ament_pycodestyle:/home/arbot/ros2_foxy/install/ament_pep257:/home/arbot/ros2_foxy/install/ament_pclint:/home/arbot/ros2_foxy/install/ament_package:/home/arbot/ros2_foxy/install/ament_mypy:/home/arbot/ros2_foxy/install/ament_lint_cmake:/home/arbot/ros2_foxy/install/ament_flake8:/home/arbot/ros2_foxy/install/ament_copyright:/home/arbot/ros2_foxy/install/ament_lint:/home/arbot/ros2_foxy/install/ament_index_python:/home/arbot/ros2_foxy/install/ament_cpplint:/home/arbot/ros2_foxy/install/ament_cppcheck:/home/arbot/ros2_foxy/install/ament_clang_tidy:/home/arbot/ros2_foxy/install/ament_clang_format /usr/bin/cmake /home/arbot/dev_ws/src/my_cpp_py_pkg -DCMAKE_INSTALL_PREFIX=/home/arbot/dev_ws/install/my_cpp_py_pkg
[0.183s] -- Found ament_cmake: 0.9.6 (/home/arbot/ros2_foxy/install/ament_cmake/share/ament_cmake/cmake)
[0.965s] -- Found PythonInterp: /usr/bin/python3 (found suitable version "3.8.2", minimum required is "3") 
[0.965s] -- Using PYTHON_EXECUTABLE: /usr/bin/python3
[2.450s] -- Found rclcpp: 2.1.0 (/home/arbot/ros2_foxy/install/rclcpp/share/rclcpp/cmake)
[2.974s] -- Using all available rosidl_typesupport_c: rosidl_typesupport_introspection_c;rosidl_typesupport_fastrtps_c;rosidl_typesupport_connext_c
[3.045s] -- Found rosidl_adapter: 1.1.0 (/home/arbot/ros2_foxy/install/rosidl_adapter/share/rosidl_adapter/cmake)
[3.349s] -- Found FastRTPS: /home/arbot/ros2_foxy/install/fastrtps/include  
[3.641s] -- Found RTI Connext: /opt/rti.com/rti_connext_dds-5.3.1
[5.802s] -- Using all available rosidl_typesupport_cpp: rosidl_typesupport_introspection_cpp;rosidl_typesupport_fastrtps_cpp;rosidl_typesupport_connext_cpp
[6.097s] -- Found rmw_implementation_cmake: 1.0.1 (/home/arbot/ros2_foxy/install/rmw_implementation_cmake/share/rmw_implementation_cmake/cmake)
[6.170s] -- Using RMW implementation 'rmw_fastrtps_cpp' as default
[6.174s] -- Looking for pthread.h
[6.312s] -- Looking for pthread.h - found
[6.312s] -- Performing Test CMAKE_HAVE_LIBC_PTHREAD
[6.453s] -- Performing Test CMAKE_HAVE_LIBC_PTHREAD - Failed
[6.454s] -- Looking for pthread_create in pthreads
[6.591s] -- Looking for pthread_create in pthreads - not found
[6.591s] -- Looking for pthread_create in pthread
[6.736s] -- Looking for pthread_create in pthread - found
[6.738s] -- Found Threads: TRUE  
[7.296s] -- Found rclpy: 1.0.4 (/home/arbot/ros2_foxy/install/rclpy/share/rclpy/cmake)
[9.367s] -- Configuring done
[9.384s] -- Generating done
[9.389s] -- Build files have been written to: /home/arbot/dev_ws/build/my_cpp_py_pkg
[9.400s] Invoked command in '/home/arbot/dev_ws/build/my_cpp_py_pkg' returned '0': CMAKE_PREFIX_PATH=${CMAKE_PREFIX_PATH}:/home/arbot/ros2_foxy/install/ros2bag:/home/arbot/ros2_foxy/install/tracetools_launch:/home/arbot/ros2_foxy/install/topic_monitor:/home/arbot/ros2_foxy/install/examples_tf2_py:/home/arbot/ros2_foxy/install/sros2:/home/arbot/ros2_foxy/install/rqt_topic:/home/arbot/ros2_foxy/install/rqt_reconfigure:/home/arbot/ros2_foxy/install/rqt_action:/home/arbot/ros2_foxy/install/rqt:/home/arbot/ros2_foxy/install/rqt_graph:/home/arbot/ros2_foxy/install/rqt_gui_py:/home/arbot/ros2_foxy/install/rqt_gui:/home/arbot/ros2_foxy/install/ros2trace:/home/arbot/ros2_foxy/install/ros2topic:/home/arbot/ros2_foxy/install/ros2test:/home/arbot/ros2_foxy/install/ros2component:/home/arbot/ros2_foxy/install/ros2param:/home/arbot/ros2_foxy/install/ros2lifecycle:/home/arbot/ros2_foxy/install/ros2service:/home/arbot/ros2_foxy/install/ros2run:/home/arbot/ros2_foxy/install/ros2launch:/home/arbot/ros2_foxy/install/ros2pkg:/home/arbot/ros2_foxy/install/ros2node:/home/arbot/ros2_foxy/install/ros2multicast:/home/arbot/ros2_foxy/install/ros2interface:/home/arbot/ros2_foxy/install/ros2doctor:/home/arbot/ros2_foxy/install/ros2action:/home/arbot/ros2_foxy/install/ros2cli:/home/arbot/ros2_foxy/install/quality_of_service_demo_py:/home/arbot/ros2_foxy/install/launch_testing_ros:/home/arbot/ros2_foxy/install/launch_ros:/home/arbot/ros2_foxy/install/examples_rclpy_minimal_subscriber:/home/arbot/ros2_foxy/install/examples_rclpy_minimal_service:/home/arbot/ros2_foxy/install/examples_rclpy_minimal_publisher:/home/arbot/ros2_foxy/install/examples_rclpy_minimal_client:/home/arbot/ros2_foxy/install/examples_rclpy_minimal_action_server:/home/arbot/ros2_foxy/install/examples_rclpy_minimal_action_client:/home/arbot/ros2_foxy/install/examples_rclpy_executors:/home/arbot/ros2_foxy/install/demo_nodes_py:/home/arbot/ros2_foxy/install/action_tutorials_py:/home/arbot/ros2_foxy/install/ament_uncrustify:/home/arbot/ros2_foxy/install/tracetools_trace:/home/arbot/ros2_foxy/install/tracetools_read:/home/arbot/ros2_foxy/install/test_launch_ros:/home/arbot/ros2_foxy/install/rpyutils:/home/arbot/ros2_foxy/install/rosidl_runtime_py:/home/arbot/ros2_foxy/install/launch_yaml:/home/arbot/ros2_foxy/install/launch_xml:/home/arbot/ros2_foxy/install/launch_testing:/home/arbot/ros2_foxy/install/launch:/home/arbot/ros2_foxy/install/osrf_pycommon:/home/arbot/ros2_foxy/install/domain_coordinator:/home/arbot/ros2_foxy/install/ament_xmllint:/home/arbot/ros2_foxy/install/ament_pyflakes:/home/arbot/ros2_foxy/install/ament_pycodestyle:/home/arbot/ros2_foxy/install/ament_pep257:/home/arbot/ros2_foxy/install/ament_pclint:/home/arbot/ros2_foxy/install/ament_package:/home/arbot/ros2_foxy/install/ament_mypy:/home/arbot/ros2_foxy/install/ament_lint_cmake:/home/arbot/ros2_foxy/install/ament_flake8:/home/arbot/ros2_foxy/install/ament_copyright:/home/arbot/ros2_foxy/install/ament_lint:/home/arbot/ros2_foxy/install/ament_index_python:/home/arbot/ros2_foxy/install/ament_cpplint:/home/arbot/ros2_foxy/install/ament_cppcheck:/home/arbot/ros2_foxy/install/ament_clang_tidy:/home/arbot/ros2_foxy/install/ament_clang_format /usr/bin/cmake /home/arbot/dev_ws/src/my_cpp_py_pkg -DCMAKE_INSTALL_PREFIX=/home/arbot/dev_ws/install/my_cpp_py_pkg
[9.401s] Invoking command in '/home/arbot/dev_ws/build/my_cpp_py_pkg': CMAKE_PREFIX_PATH=${CMAKE_PREFIX_PATH}:/home/arbot/ros2_foxy/install/ros2bag:/home/arbot/ros2_foxy/install/tracetools_launch:/home/arbot/ros2_foxy/install/topic_monitor:/home/arbot/ros2_foxy/install/examples_tf2_py:/home/arbot/ros2_foxy/install/sros2:/home/arbot/ros2_foxy/install/rqt_topic:/home/arbot/ros2_foxy/install/rqt_reconfigure:/home/arbot/ros2_foxy/install/rqt_action:/home/arbot/ros2_foxy/install/rqt:/home/arbot/ros2_foxy/install/rqt_graph:/home/arbot/ros2_foxy/install/rqt_gui_py:/home/arbot/ros2_foxy/install/rqt_gui:/home/arbot/ros2_foxy/install/ros2trace:/home/arbot/ros2_foxy/install/ros2topic:/home/arbot/ros2_foxy/install/ros2test:/home/arbot/ros2_foxy/install/ros2component:/home/arbot/ros2_foxy/install/ros2param:/home/arbot/ros2_foxy/install/ros2lifecycle:/home/arbot/ros2_foxy/install/ros2service:/home/arbot/ros2_foxy/install/ros2run:/home/arbot/ros2_foxy/install/ros2launch:/home/arbot/ros2_foxy/install/ros2pkg:/home/arbot/ros2_foxy/install/ros2node:/home/arbot/ros2_foxy/install/ros2multicast:/home/arbot/ros2_foxy/install/ros2interface:/home/arbot/ros2_foxy/install/ros2doctor:/home/arbot/ros2_foxy/install/ros2action:/home/arbot/ros2_foxy/install/ros2cli:/home/arbot/ros2_foxy/install/quality_of_service_demo_py:/home/arbot/ros2_foxy/install/launch_testing_ros:/home/arbot/ros2_foxy/install/launch_ros:/home/arbot/ros2_foxy/install/examples_rclpy_minimal_subscriber:/home/arbot/ros2_foxy/install/examples_rclpy_minimal_service:/home/arbot/ros2_foxy/install/examples_rclpy_minimal_publisher:/home/arbot/ros2_foxy/install/examples_rclpy_minimal_client:/home/arbot/ros2_foxy/install/examples_rclpy_minimal_action_server:/home/arbot/ros2_foxy/install/examples_rclpy_minimal_action_client:/home/arbot/ros2_foxy/install/examples_rclpy_executors:/home/arbot/ros2_foxy/install/demo_nodes_py:/home/arbot/ros2_foxy/install/action_tutorials_py:/home/arbot/ros2_foxy/install/ament_uncrustify:/home/arbot/ros2_foxy/install/tracetools_trace:/home/arbot/ros2_foxy/install/tracetools_read:/home/arbot/ros2_foxy/install/test_launch_ros:/home/arbot/ros2_foxy/install/rpyutils:/home/arbot/ros2_foxy/install/rosidl_runtime_py:/home/arbot/ros2_foxy/install/launch_yaml:/home/arbot/ros2_foxy/install/launch_xml:/home/arbot/ros2_foxy/install/launch_testing:/home/arbot/ros2_foxy/install/launch:/home/arbot/ros2_foxy/install/osrf_pycommon:/home/arbot/ros2_foxy/install/domain_coordinator:/home/arbot/ros2_foxy/install/ament_xmllint:/home/arbot/ros2_foxy/install/ament_pyflakes:/home/arbot/ros2_foxy/install/ament_pycodestyle:/home/arbot/ros2_foxy/install/ament_pep257:/home/arbot/ros2_foxy/install/ament_pclint:/home/arbot/ros2_foxy/install/ament_package:/home/arbot/ros2_foxy/install/ament_mypy:/home/arbot/ros2_foxy/install/ament_lint_cmake:/home/arbot/ros2_foxy/install/ament_flake8:/home/arbot/ros2_foxy/install/ament_copyright:/home/arbot/ros2_foxy/install/ament_lint:/home/arbot/ros2_foxy/install/ament_index_python:/home/arbot/ros2_foxy/install/ament_cpplint:/home/arbot/ros2_foxy/install/ament_cppcheck:/home/arbot/ros2_foxy/install/ament_clang_tidy:/home/arbot/ros2_foxy/install/ament_clang_format /usr/bin/cmake --build /home/arbot/dev_ws/build/my_cpp_py_pkg -- -j1 -l1
[9.529s] [35m[1mScanning dependencies of target cpp_executable[0m
[9.561s] [ 50%] [32mBuilding CXX object CMakeFiles/cpp_executable.dir/src/cpp_node.cpp.o[0m
[9.625s] [100%] [32m[1mLinking CXX executable cpp_executable[0m
[9.827s] /usr/bin/ld: /usr/lib/gcc/x86_64-linux-gnu/9/../../../x86_64-linux-gnu/Scrt1.o: in function `_start':
[9.828s] (.text+0x24): undefined reference to `main'
[9.828s] collect2: error: ld returned 1 exit status
[9.832s] make[2]: *** [CMakeFiles/cpp_executable.dir/build.make:131: cpp_executable] Error 1
[9.832s] make[1]: *** [CMakeFiles/Makefile2:78: CMakeFiles/cpp_executable.dir/all] Error 2
[9.832s] make: *** [Makefile:141: all] Error 2
[9.833s] Invoked command in '/home/arbot/dev_ws/build/my_cpp_py_pkg' returned '2': CMAKE_PREFIX_PATH=${CMAKE_PREFIX_PATH}:/home/arbot/ros2_foxy/install/ros2bag:/home/arbot/ros2_foxy/install/tracetools_launch:/home/arbot/ros2_foxy/install/topic_monitor:/home/arbot/ros2_foxy/install/examples_tf2_py:/home/arbot/ros2_foxy/install/sros2:/home/arbot/ros2_foxy/install/rqt_topic:/home/arbot/ros2_foxy/install/rqt_reconfigure:/home/arbot/ros2_foxy/install/rqt_action:/home/arbot/ros2_foxy/install/rqt:/home/arbot/ros2_foxy/install/rqt_graph:/home/arbot/ros2_foxy/install/rqt_gui_py:/home/arbot/ros2_foxy/install/rqt_gui:/home/arbot/ros2_foxy/install/ros2trace:/home/arbot/ros2_foxy/install/ros2topic:/home/arbot/ros2_foxy/install/ros2test:/home/arbot/ros2_foxy/install/ros2component:/home/arbot/ros2_foxy/install/ros2param:/home/arbot/ros2_foxy/install/ros2lifecycle:/home/arbot/ros2_foxy/install/ros2service:/home/arbot/ros2_foxy/install/ros2run:/home/arbot/ros2_foxy/install/ros2launch:/home/arbot/ros2_foxy/install/ros2pkg:/home/arbot/ros2_foxy/install/ros2node:/home/arbot/ros2_foxy/install/ros2multicast:/home/arbot/ros2_foxy/install/ros2interface:/home/arbot/ros2_foxy/install/ros2doctor:/home/arbot/ros2_foxy/install/ros2action:/home/arbot/ros2_foxy/install/ros2cli:/home/arbot/ros2_foxy/install/quality_of_service_demo_py:/home/arbot/ros2_foxy/install/launch_testing_ros:/home/arbot/ros2_foxy/install/launch_ros:/home/arbot/ros2_foxy/install/examples_rclpy_minimal_subscriber:/home/arbot/ros2_foxy/install/examples_rclpy_minimal_service:/home/arbot/ros2_foxy/install/examples_rclpy_minimal_publisher:/home/arbot/ros2_foxy/install/examples_rclpy_minimal_client:/home/arbot/ros2_foxy/install/examples_rclpy_minimal_action_server:/home/arbot/ros2_foxy/install/examples_rclpy_minimal_action_client:/home/arbot/ros2_foxy/install/examples_rclpy_executors:/home/arbot/ros2_foxy/install/demo_nodes_py:/home/arbot/ros2_foxy/install/action_tutorials_py:/home/arbot/ros2_foxy/install/ament_uncrustify:/home/arbot/ros2_foxy/install/tracetools_trace:/home/arbot/ros2_foxy/install/tracetools_read:/home/arbot/ros2_foxy/install/test_launch_ros:/home/arbot/ros2_foxy/install/rpyutils:/home/arbot/ros2_foxy/install/rosidl_runtime_py:/home/arbot/ros2_foxy/install/launch_yaml:/home/arbot/ros2_foxy/install/launch_xml:/home/arbot/ros2_foxy/install/launch_testing:/home/arbot/ros2_foxy/install/launch:/home/arbot/ros2_foxy/install/osrf_pycommon:/home/arbot/ros2_foxy/install/domain_coordinator:/home/arbot/ros2_foxy/install/ament_xmllint:/home/arbot/ros2_foxy/install/ament_pyflakes:/home/arbot/ros2_foxy/install/ament_pycodestyle:/home/arbot/ros2_foxy/install/ament_pep257:/home/arbot/ros2_foxy/install/ament_pclint:/home/arbot/ros2_foxy/install/ament_package:/home/arbot/ros2_foxy/install/ament_mypy:/home/arbot/ros2_foxy/install/ament_lint_cmake:/home/arbot/ros2_foxy/install/ament_flake8:/home/arbot/ros2_foxy/install/ament_copyright:/home/arbot/ros2_foxy/install/ament_lint:/home/arbot/ros2_foxy/install/ament_index_python:/home/arbot/ros2_foxy/install/ament_cpplint:/home/arbot/ros2_foxy/install/ament_cppcheck:/home/arbot/ros2_foxy/install/ament_clang_tidy:/home/arbot/ros2_foxy/install/ament_clang_format /usr/bin/cmake --build /home/arbot/dev_ws/build/my_cpp_py_pkg -- -j1 -l1
