[35m[1mScanning dependencies of target cpp_executable[0m
[ 50%] [32mBuilding CXX object CMakeFiles/cpp_executable.dir/src/cpp_node.cpp.o[0m
[01m[K/home/arbot/dev_ws/src/my_cpp_py_pkg/src/cpp_node.cpp:[m[K In member function â€˜[01m[Kvoid MinimalPublisher::timer_callback()[m[Kâ€™:
[01m[K/home/arbot/dev_ws/src/my_cpp_py_pkg/src/cpp_node.cpp:36:21:[m[K [01;31m[Kerror: [m[Kinvalid operands of types â€˜[01m[Kint[m[Kâ€™ and â€˜[01m[Kdouble[m[Kâ€™ to binary â€˜[01m[Koperator%[m[Kâ€™
   36 |     arr[i] = [32m[Krand()[m[K [01;31m[K%[m[K [34m[K2.685[m[K + 2.49;
      |              [32m[K~~~~~~[m[K [01;31m[K^[m[K [34m[K~~~~~[m[K
      |                  [32m[K|[m[K    [34m[K|[m[K
      |                  [32m[Kint[m[K  [34m[Kdouble[m[K
make[2]: *** [CMakeFiles/cpp_executable.dir/build.make:63: CMakeFiles/cpp_executable.dir/src/cpp_node.cpp.o] Error 1
make[1]: *** [CMakeFiles/Makefile2:78: CMakeFiles/cpp_executable.dir/all] Error 2
make: *** [Makefile:141: all] Error 2
