[0.101s] Invoking command in '/home/arbot/dev_ws/build/my_cpp_py_pkg': CMAKE_PREFIX_PATH=${CMAKE_PREFIX_PATH}:/home/arbot/ros2_foxy/install/ros2bag:/home/arbot/ros2_foxy/install/tracetools_launch:/home/arbot/ros2_foxy/install/topic_monitor:/home/arbot/ros2_foxy/install/examples_tf2_py:/home/arbot/ros2_foxy/install/sros2:/home/arbot/ros2_foxy/install/rqt_topic:/home/arbot/ros2_foxy/install/rqt_reconfigure:/home/arbot/ros2_foxy/install/rqt_action:/home/arbot/ros2_foxy/install/rqt:/home/arbot/ros2_foxy/install/rqt_graph:/home/arbot/ros2_foxy/install/rqt_gui_py:/home/arbot/ros2_foxy/install/rqt_gui:/home/arbot/ros2_foxy/install/ros2trace:/home/arbot/ros2_foxy/install/ros2topic:/home/arbot/ros2_foxy/install/ros2test:/home/arbot/ros2_foxy/install/ros2component:/home/arbot/ros2_foxy/install/ros2param:/home/arbot/ros2_foxy/install/ros2lifecycle:/home/arbot/ros2_foxy/install/ros2service:/home/arbot/ros2_foxy/install/ros2run:/home/arbot/ros2_foxy/install/ros2launch:/home/arbot/ros2_foxy/install/ros2pkg:/home/arbot/ros2_foxy/install/ros2node:/home/arbot/ros2_foxy/install/ros2multicast:/home/arbot/ros2_foxy/install/ros2interface:/home/arbot/ros2_foxy/install/ros2doctor:/home/arbot/ros2_foxy/install/ros2action:/home/arbot/ros2_foxy/install/ros2cli:/home/arbot/ros2_foxy/install/quality_of_service_demo_py:/home/arbot/ros2_foxy/install/launch_testing_ros:/home/arbot/ros2_foxy/install/launch_ros:/home/arbot/ros2_foxy/install/examples_rclpy_minimal_subscriber:/home/arbot/ros2_foxy/install/examples_rclpy_minimal_service:/home/arbot/ros2_foxy/install/examples_rclpy_minimal_publisher:/home/arbot/ros2_foxy/install/examples_rclpy_minimal_client:/home/arbot/ros2_foxy/install/examples_rclpy_minimal_action_server:/home/arbot/ros2_foxy/install/examples_rclpy_minimal_action_client:/home/arbot/ros2_foxy/install/examples_rclpy_executors:/home/arbot/ros2_foxy/install/demo_nodes_py:/home/arbot/ros2_foxy/install/action_tutorials_py:/home/arbot/ros2_foxy/install/ament_uncrustify:/home/arbot/ros2_foxy/install/tracetools_trace:/home/arbot/ros2_foxy/install/tracetools_read:/home/arbot/ros2_foxy/install/test_launch_ros:/home/arbot/ros2_foxy/install/rpyutils:/home/arbot/ros2_foxy/install/rosidl_runtime_py:/home/arbot/ros2_foxy/install/launch_yaml:/home/arbot/ros2_foxy/install/launch_xml:/home/arbot/ros2_foxy/install/launch_testing:/home/arbot/ros2_foxy/install/launch:/home/arbot/ros2_foxy/install/osrf_pycommon:/home/arbot/ros2_foxy/install/domain_coordinator:/home/arbot/ros2_foxy/install/ament_xmllint:/home/arbot/ros2_foxy/install/ament_pyflakes:/home/arbot/ros2_foxy/install/ament_pycodestyle:/home/arbot/ros2_foxy/install/ament_pep257:/home/arbot/ros2_foxy/install/ament_pclint:/home/arbot/ros2_foxy/install/ament_package:/home/arbot/ros2_foxy/install/ament_mypy:/home/arbot/ros2_foxy/install/ament_lint_cmake:/home/arbot/ros2_foxy/install/ament_flake8:/home/arbot/ros2_foxy/install/ament_copyright:/home/arbot/ros2_foxy/install/ament_lint:/home/arbot/ros2_foxy/install/ament_index_python:/home/arbot/ros2_foxy/install/ament_cpplint:/home/arbot/ros2_foxy/install/ament_cppcheck:/home/arbot/ros2_foxy/install/ament_clang_tidy:/home/arbot/ros2_foxy/install/ament_clang_format /usr/bin/cmake --build /home/arbot/dev_ws/build/my_cpp_py_pkg -- -j1 -l1
[0.265s] [35m[1mScanning dependencies of target cpp_executable[0m
[0.334s] [ 50%] [32mBuilding CXX object CMakeFiles/cpp_executable.dir/src/cpp_node.cpp.o[0m
[3.017s] [01m[K/home/arbot/dev_ws/src/my_cpp_py_pkg/src/cpp_node.cpp:[m[K In member function â€˜[01m[Kvoid MinimalPublisher::timer_callback()[m[Kâ€™:
[3.017s] [01m[K/home/arbot/dev_ws/src/my_cpp_py_pkg/src/cpp_node.cpp:36:21:[m[K [01;31m[Kerror: [m[Kinvalid operands of types â€˜[01m[Kint[m[Kâ€™ and â€˜[01m[Kdouble[m[Kâ€™ to binary â€˜[01m[Koperator%[m[Kâ€™
[3.017s]    36 |     arr[i] = [32m[Krand()[m[K [01;31m[K%[m[K [34m[K2.685[m[K + 2.49;
[3.018s]       |              [32m[K~~~~~~[m[K [01;31m[K^[m[K [34m[K~~~~~[m[K
[3.018s]       |                  [32m[K|[m[K    [34m[K|[m[K
[3.018s]       |                  [32m[Kint[m[K  [34m[Kdouble[m[K
[4.296s] make[2]: *** [CMakeFiles/cpp_executable.dir/build.make:63: CMakeFiles/cpp_executable.dir/src/cpp_node.cpp.o] Error 1
[4.299s] make[1]: *** [CMakeFiles/Makefile2:78: CMakeFiles/cpp_executable.dir/all] Error 2
[4.299s] make: *** [Makefile:141: all] Error 2
[4.299s] Invoked command in '/home/arbot/dev_ws/build/my_cpp_py_pkg' returned '2': CMAKE_PREFIX_PATH=${CMAKE_PREFIX_PATH}:/home/arbot/ros2_foxy/install/ros2bag:/home/arbot/ros2_foxy/install/tracetools_launch:/home/arbot/ros2_foxy/install/topic_monitor:/home/arbot/ros2_foxy/install/examples_tf2_py:/home/arbot/ros2_foxy/install/sros2:/home/arbot/ros2_foxy/install/rqt_topic:/home/arbot/ros2_foxy/install/rqt_reconfigure:/home/arbot/ros2_foxy/install/rqt_action:/home/arbot/ros2_foxy/install/rqt:/home/arbot/ros2_foxy/install/rqt_graph:/home/arbot/ros2_foxy/install/rqt_gui_py:/home/arbot/ros2_foxy/install/rqt_gui:/home/arbot/ros2_foxy/install/ros2trace:/home/arbot/ros2_foxy/install/ros2topic:/home/arbot/ros2_foxy/install/ros2test:/home/arbot/ros2_foxy/install/ros2component:/home/arbot/ros2_foxy/install/ros2param:/home/arbot/ros2_foxy/install/ros2lifecycle:/home/arbot/ros2_foxy/install/ros2service:/home/arbot/ros2_foxy/install/ros2run:/home/arbot/ros2_foxy/install/ros2launch:/home/arbot/ros2_foxy/install/ros2pkg:/home/arbot/ros2_foxy/install/ros2node:/home/arbot/ros2_foxy/install/ros2multicast:/home/arbot/ros2_foxy/install/ros2interface:/home/arbot/ros2_foxy/install/ros2doctor:/home/arbot/ros2_foxy/install/ros2action:/home/arbot/ros2_foxy/install/ros2cli:/home/arbot/ros2_foxy/install/quality_of_service_demo_py:/home/arbot/ros2_foxy/install/launch_testing_ros:/home/arbot/ros2_foxy/install/launch_ros:/home/arbot/ros2_foxy/install/examples_rclpy_minimal_subscriber:/home/arbot/ros2_foxy/install/examples_rclpy_minimal_service:/home/arbot/ros2_foxy/install/examples_rclpy_minimal_publisher:/home/arbot/ros2_foxy/install/examples_rclpy_minimal_client:/home/arbot/ros2_foxy/install/examples_rclpy_minimal_action_server:/home/arbot/ros2_foxy/install/examples_rclpy_minimal_action_client:/home/arbot/ros2_foxy/install/examples_rclpy_executors:/home/arbot/ros2_foxy/install/demo_nodes_py:/home/arbot/ros2_foxy/install/action_tutorials_py:/home/arbot/ros2_foxy/install/ament_uncrustify:/home/arbot/ros2_foxy/install/tracetools_trace:/home/arbot/ros2_foxy/install/tracetools_read:/home/arbot/ros2_foxy/install/test_launch_ros:/home/arbot/ros2_foxy/install/rpyutils:/home/arbot/ros2_foxy/install/rosidl_runtime_py:/home/arbot/ros2_foxy/install/launch_yaml:/home/arbot/ros2_foxy/install/launch_xml:/home/arbot/ros2_foxy/install/launch_testing:/home/arbot/ros2_foxy/install/launch:/home/arbot/ros2_foxy/install/osrf_pycommon:/home/arbot/ros2_foxy/install/domain_coordinator:/home/arbot/ros2_foxy/install/ament_xmllint:/home/arbot/ros2_foxy/install/ament_pyflakes:/home/arbot/ros2_foxy/install/ament_pycodestyle:/home/arbot/ros2_foxy/install/ament_pep257:/home/arbot/ros2_foxy/install/ament_pclint:/home/arbot/ros2_foxy/install/ament_package:/home/arbot/ros2_foxy/install/ament_mypy:/home/arbot/ros2_foxy/install/ament_lint_cmake:/home/arbot/ros2_foxy/install/ament_flake8:/home/arbot/ros2_foxy/install/ament_copyright:/home/arbot/ros2_foxy/install/ament_lint:/home/arbot/ros2_foxy/install/ament_index_python:/home/arbot/ros2_foxy/install/ament_cpplint:/home/arbot/ros2_foxy/install/ament_cppcheck:/home/arbot/ros2_foxy/install/ament_clang_tidy:/home/arbot/ros2_foxy/install/ament_clang_format /usr/bin/cmake --build /home/arbot/dev_ws/build/my_cpp_py_pkg -- -j1 -l1
