[35m[1mScanning dependencies of target cpp_executable[0m
[ 50%] [32mBuilding CXX object CMakeFiles/cpp_executable.dir/src/cpp_node.cpp.o[0m
[01m[K/home/arbot/dev_ws/src/my_cpp_py_pkg/src/cpp_node.cpp:[m[K In member function â€˜[01m[Kvoid MinimalPublisher::timer_callback()[m[Kâ€™:
[01m[K/home/arbot/dev_ws/src/my_cpp_py_pkg/src/cpp_node.cpp:35:20:[m[K [01;35m[Kwarning: [m[Kleft operand of comma operator has no effect [[01;35m[K-Wunused-value[m[K]
   35 |    for(int i = 0; [01;35m[Ki< 5[m[K,i++){
      |                   [01;35m[K~^~~[m[K
[01m[K/home/arbot/dev_ws/src/my_cpp_py_pkg/src/cpp_node.cpp:35:27:[m[K [01;31m[Kerror: [m[Kexpected â€˜[01m[K;[m[Kâ€™ before â€˜[01m[K)[m[Kâ€™ token
   35 |    for(int i = 0; i< 5,i++[01;31m[K)[m[K{
      |                           [01;31m[K^[m[K
      |                           [32m[K;[m[K
make[2]: *** [CMakeFiles/cpp_executable.dir/build.make:63: CMakeFiles/cpp_executable.dir/src/cpp_node.cpp.o] Error 1
make[1]: *** [CMakeFiles/Makefile2:78: CMakeFiles/cpp_executable.dir/all] Error 2
make: *** [Makefile:141: all] Error 2
