[0.094s] Invoking command in '/home/arbot/dev_ws/build/my_cpp_py_pkg': CMAKE_PREFIX_PATH=${CMAKE_PREFIX_PATH}:/home/arbot/ros2_foxy/install/ros2bag:/home/arbot/ros2_foxy/install/tracetools_launch:/home/arbot/ros2_foxy/install/topic_monitor:/home/arbot/ros2_foxy/install/examples_tf2_py:/home/arbot/ros2_foxy/install/sros2:/home/arbot/ros2_foxy/install/rqt_topic:/home/arbot/ros2_foxy/install/rqt_reconfigure:/home/arbot/ros2_foxy/install/rqt_action:/home/arbot/ros2_foxy/install/rqt:/home/arbot/ros2_foxy/install/rqt_graph:/home/arbot/ros2_foxy/install/rqt_gui_py:/home/arbot/ros2_foxy/install/rqt_gui:/home/arbot/ros2_foxy/install/ros2trace:/home/arbot/ros2_foxy/install/ros2topic:/home/arbot/ros2_foxy/install/ros2test:/home/arbot/ros2_foxy/install/ros2component:/home/arbot/ros2_foxy/install/ros2param:/home/arbot/ros2_foxy/install/ros2lifecycle:/home/arbot/ros2_foxy/install/ros2service:/home/arbot/ros2_foxy/install/ros2run:/home/arbot/ros2_foxy/install/ros2launch:/home/arbot/ros2_foxy/install/ros2pkg:/home/arbot/ros2_foxy/install/ros2node:/home/arbot/ros2_foxy/install/ros2multicast:/home/arbot/ros2_foxy/install/ros2interface:/home/arbot/ros2_foxy/install/ros2doctor:/home/arbot/ros2_foxy/install/ros2action:/home/arbot/ros2_foxy/install/ros2cli:/home/arbot/ros2_foxy/install/quality_of_service_demo_py:/home/arbot/ros2_foxy/install/launch_testing_ros:/home/arbot/ros2_foxy/install/launch_ros:/home/arbot/ros2_foxy/install/examples_rclpy_minimal_subscriber:/home/arbot/ros2_foxy/install/examples_rclpy_minimal_service:/home/arbot/ros2_foxy/install/examples_rclpy_minimal_publisher:/home/arbot/ros2_foxy/install/examples_rclpy_minimal_client:/home/arbot/ros2_foxy/install/examples_rclpy_minimal_action_server:/home/arbot/ros2_foxy/install/examples_rclpy_minimal_action_client:/home/arbot/ros2_foxy/install/examples_rclpy_executors:/home/arbot/ros2_foxy/install/demo_nodes_py:/home/arbot/ros2_foxy/install/action_tutorials_py:/home/arbot/ros2_foxy/install/ament_uncrustify:/home/arbot/ros2_foxy/install/tracetools_trace:/home/arbot/ros2_foxy/install/tracetools_read:/home/arbot/ros2_foxy/install/test_launch_ros:/home/arbot/ros2_foxy/install/rpyutils:/home/arbot/ros2_foxy/install/rosidl_runtime_py:/home/arbot/ros2_foxy/install/launch_yaml:/home/arbot/ros2_foxy/install/launch_xml:/home/arbot/ros2_foxy/install/launch_testing:/home/arbot/ros2_foxy/install/launch:/home/arbot/ros2_foxy/install/osrf_pycommon:/home/arbot/ros2_foxy/install/domain_coordinator:/home/arbot/ros2_foxy/install/ament_xmllint:/home/arbot/ros2_foxy/install/ament_pyflakes:/home/arbot/ros2_foxy/install/ament_pycodestyle:/home/arbot/ros2_foxy/install/ament_pep257:/home/arbot/ros2_foxy/install/ament_pclint:/home/arbot/ros2_foxy/install/ament_package:/home/arbot/ros2_foxy/install/ament_mypy:/home/arbot/ros2_foxy/install/ament_lint_cmake:/home/arbot/ros2_foxy/install/ament_flake8:/home/arbot/ros2_foxy/install/ament_copyright:/home/arbot/ros2_foxy/install/ament_lint:/home/arbot/ros2_foxy/install/ament_index_python:/home/arbot/ros2_foxy/install/ament_cpplint:/home/arbot/ros2_foxy/install/ament_cppcheck:/home/arbot/ros2_foxy/install/ament_clang_tidy:/home/arbot/ros2_foxy/install/ament_clang_format /usr/bin/cmake --build /home/arbot/dev_ws/build/my_cpp_py_pkg -- -j1 -l1
[0.259s] [35m[1mScanning dependencies of target cpp_executable[0m
[0.310s] [ 50%] [32mBuilding CXX object CMakeFiles/cpp_executable.dir/src/cpp_node.cpp.o[0m
[2.172s] [01m[K/home/arbot/dev_ws/src/my_cpp_py_pkg/src/cpp_node.cpp:[m[K In member function â€˜[01m[Kvoid MinimalPublisher::timer_callback()[m[Kâ€™:
[2.173s] [01m[K/home/arbot/dev_ws/src/my_cpp_py_pkg/src/cpp_node.cpp:54:65:[m[K [01;31m[Kerror: [m[Kno match for â€˜[01m[Koperator+[m[Kâ€™ (operand types are â€˜[01m[Kstd::__cxx11::basic_string<char>[m[Kâ€™ and â€˜[01m[K<unresolved overloaded function type>[m[Kâ€™)
[2.173s]    54 |       message.data = [01;31m[Kmessage.data + ", " + to_string(arr[k][l]) + endl[m[K;
[2.173s]       |                      [01;31m[K~~~~~~~~~~~~~~~~~~~~~~~~~~~~~~~~~~~~~~~~~~~^~~~~~[m[K
[2.173s] In file included from [01m[K/usr/include/c++/9/bits/stl_algobase.h:67[m[K,
[2.174s]                  from [01m[K/usr/include/c++/9/bits/char_traits.h:39[m[K,
[2.174s]                  from [01m[K/usr/include/c++/9/string:40[m[K,
[2.174s]                  from [01m[K/usr/include/c++/9/stdexcept:39[m[K,
[2.174s]                  from [01m[K/usr/include/c++/9/array:39[m[K,
[2.174s]                  from [01m[K/usr/include/c++/9/tuple:39[m[K,
[2.175s]                  from [01m[K/usr/include/c++/9/functional:54[m[K,
[2.175s]                  from [01m[K/home/arbot/dev_ws/src/my_cpp_py_pkg/src/cpp_node.cpp:2[m[K:
[2.175s] [01m[K/usr/include/c++/9/bits/stl_iterator.h:423:5:[m[K [01;36m[Knote: [m[Kcandidate: â€˜[01m[Ktemplate<class _Iterator> std::reverse_iterator<_Iterator> std::operator+(typename std::reverse_iterator<_Iterator>::difference_type, const std::reverse_iterator<_Iterator>&)[m[Kâ€™
[2.175s]   423 |     [01;36m[Koperator[m[K+(typename reverse_iterator<_Iterator>::difference_type __n,
[2.175s]       |     [01;36m[K^~~~~~~~[m[K
[2.177s] [01m[K/usr/include/c++/9/bits/stl_iterator.h:423:5:[m[K [01;36m[Knote: [m[K  template argument deduction/substitution failed:
[2.177s] [01m[K/home/arbot/dev_ws/src/my_cpp_py_pkg/src/cpp_node.cpp:54:67:[m[K [01;36m[Knote: [m[K  couldnâ€™t deduce template parameter â€˜[01m[K_Iterator[m[Kâ€™
[2.177s]    54 |       message.data = message.data + ", " + to_string(arr[k][l]) + [01;36m[Kendl[m[K;
[2.177s]       |                                                                   [01;36m[K^~~~[m[K
[2.177s] In file included from [01m[K/usr/include/c++/9/bits/stl_algobase.h:67[m[K,
[2.178s]                  from [01m[K/usr/include/c++/9/bits/char_traits.h:39[m[K,
[2.178s]                  from [01m[K/usr/include/c++/9/string:40[m[K,
[2.178s]                  from [01m[K/usr/include/c++/9/stdexcept:39[m[K,
[2.178s]                  from [01m[K/usr/include/c++/9/array:39[m[K,
[2.178s]                  from [01m[K/usr/include/c++/9/tuple:39[m[K,
[2.178s]                  from [01m[K/usr/include/c++/9/functional:54[m[K,
[2.179s]                  from [01m[K/home/arbot/dev_ws/src/my_cpp_py_pkg/src/cpp_node.cpp:2[m[K:
[2.179s] [01m[K/usr/include/c++/9/bits/stl_iterator.h:1219:5:[m[K [01;36m[Knote: [m[Kcandidate: â€˜[01m[Ktemplate<class _Iterator> std::move_iterator<_IteratorL> std::operator+(typename std::move_iterator<_IteratorL>::difference_type, const std::move_iterator<_IteratorL>&)[m[Kâ€™
[2.179s]  1219 |     [01;36m[Koperator[m[K+(typename move_iterator<_Iterator>::difference_type __n,
[2.179s]       |     [01;36m[K^~~~~~~~[m[K
[2.181s] [01m[K/usr/include/c++/9/bits/stl_iterator.h:1219:5:[m[K [01;36m[Knote: [m[K  template argument deduction/substitution failed:
[2.181s] [01m[K/home/arbot/dev_ws/src/my_cpp_py_pkg/src/cpp_node.cpp:54:67:[m[K [01;36m[Knote: [m[K  couldnâ€™t deduce template parameter â€˜[01m[K_Iterator[m[Kâ€™
[2.181s]    54 |       message.data = message.data + ", " + to_string(arr[k][l]) + [01;36m[Kendl[m[K;
[2.181s]       |                                                                   [01;36m[K^~~~[m[K
[2.181s] In file included from [01m[K/usr/include/c++/9/string:55[m[K,
[2.181s]                  from [01m[K/usr/include/c++/9/stdexcept:39[m[K,
[2.181s]                  from [01m[K/usr/include/c++/9/array:39[m[K,
[2.181s]                  from [01m[K/usr/include/c++/9/tuple:39[m[K,
[2.182s]                  from [01m[K/usr/include/c++/9/functional:54[m[K,
[2.182s]                  from [01m[K/home/arbot/dev_ws/src/my_cpp_py_pkg/src/cpp_node.cpp:2[m[K:
[2.182s] [01m[K/usr/include/c++/9/bits/basic_string.h:6020:5:[m[K [01;36m[Knote: [m[Kcandidate: â€˜[01m[Kstd::__cxx11::basic_string<_CharT, _Traits, _Alloc> std::operator+(const std::__cxx11::basic_string<_CharT, _Traits, _Alloc>&, const std::__cxx11::basic_string<_CharT, _Traits, _Alloc>&) [with _CharT = char; _Traits = std::char_traits<char>; _Alloc = std::allocator<char>][m[Kâ€™
[2.182s]  6020 |     [01;36m[Koperator[m[K+(const basic_string<_CharT, _Traits, _Alloc>& __lhs,
[2.182s]       |     [01;36m[K^~~~~~~~[m[K
[2.182s] [01m[K/usr/include/c++/9/bits/basic_string.h:6021:53:[m[K [01;36m[Knote: [m[K  no known conversion for argument 2 from â€˜[01m[K<unresolved overloaded function type>[m[Kâ€™ to â€˜[01m[Kconst std::__cxx11::basic_string<char>&[m[Kâ€™
[2.182s]  6021 |        [01;36m[Kconst basic_string<_CharT, _Traits, _Alloc>& __rhs[m[K)
[2.182s]       |        [01;36m[K~~~~~~~~~~~~~~~~~~~~~~~~~~~~~~~~~~~~~~~~~~~~~^~~~~[m[K
[2.182s] In file included from [01m[K/usr/include/c++/9/string:56[m[K,
[2.183s]                  from [01m[K/usr/include/c++/9/stdexcept:39[m[K,
[2.183s]                  from [01m[K/usr/include/c++/9/array:39[m[K,
[2.183s]                  from [01m[K/usr/include/c++/9/tuple:39[m[K,
[2.183s]                  from [01m[K/usr/include/c++/9/functional:54[m[K,
[2.183s]                  from [01m[K/home/arbot/dev_ws/src/my_cpp_py_pkg/src/cpp_node.cpp:2[m[K:
[2.183s] [01m[K/usr/include/c++/9/bits/basic_string.tcc:1158:5:[m[K [01;36m[Knote: [m[Kcandidate: â€˜[01m[Ktemplate<class _CharT, class _Traits, class _Alloc> std::__cxx11::basic_string<_CharT, _Traits, _Alloc> std::operator+(const _CharT*, const std::__cxx11::basic_string<_CharT, _Traits, _Alloc>&)[m[Kâ€™
[2.183s]  1158 |     [01;36m[Koperator[m[K+(const _CharT* __lhs,
[2.183s]       |     [01;36m[K^~~~~~~~[m[K
[2.183s] [01m[K/usr/include/c++/9/bits/basic_string.tcc:1158:5:[m[K [01;36m[Knote: [m[K  template argument deduction/substitution failed:
[2.189s] [01m[K/home/arbot/dev_ws/src/my_cpp_py_pkg/src/cpp_node.cpp:54:67:[m[K [01;36m[Knote: [m[K  mismatched types â€˜[01m[Kconst _CharT*[m[Kâ€™ and â€˜[01m[Kstd::__cxx11::basic_string<char>[m[Kâ€™
[2.189s]    54 |       message.data = message.data + ", " + to_string(arr[k][l]) + [01;36m[Kendl[m[K;
[2.189s]       |                                                                   [01;36m[K^~~~[m[K
[2.189s] In file included from [01m[K/usr/include/c++/9/string:56[m[K,
[2.189s]                  from [01m[K/usr/include/c++/9/stdexcept:39[m[K,
[2.189s]                  from [01m[K/usr/include/c++/9/array:39[m[K,
[2.189s]                  from [01m[K/usr/include/c++/9/tuple:39[m[K,
[2.189s]                  from [01m[K/usr/include/c++/9/functional:54[m[K,
[2.190s]                  from [01m[K/home/arbot/dev_ws/src/my_cpp_py_pkg/src/cpp_node.cpp:2[m[K:
[2.190s] [01m[K/usr/include/c++/9/bits/basic_string.tcc:1174:5:[m[K [01;36m[Knote: [m[Kcandidate: â€˜[01m[Ktemplate<class _CharT, class _Traits, class _Alloc> std::__cxx11::basic_string<_CharT, _Traits, _Alloc> std::operator+(_CharT, const std::__cxx11::basic_string<_CharT, _Traits, _Alloc>&)[m[Kâ€™
[2.190s]  1174 |     [01;36m[Koperator[m[K+(_CharT __lhs, const basic_string<_CharT, _Traits, _Alloc>& __rhs)
[2.190s]       |     [01;36m[K^~~~~~~~[m[K
[2.190s] [01m[K/usr/include/c++/9/bits/basic_string.tcc:1174:5:[m[K [01;36m[Knote: [m[K  template argument deduction/substitution failed:
[2.190s] [01m[K/home/arbot/dev_ws/src/my_cpp_py_pkg/src/cpp_node.cpp:54:67:[m[K [01;36m[Knote: [m[K  couldnâ€™t deduce template parameter â€˜[01m[K_Traits[m[Kâ€™
[2.190s]    54 |       message.data = message.data + ", " + to_string(arr[k][l]) + [01;36m[Kendl[m[K;
[2.190s]       |                                                                   [01;36m[K^~~~[m[K
[2.190s] In file included from [01m[K/usr/include/c++/9/string:55[m[K,
[2.191s]                  from [01m[K/usr/include/c++/9/stdexcept:39[m[K,
[2.191s]                  from [01m[K/usr/include/c++/9/array:39[m[K,
[2.191s]                  from [01m[K/usr/include/c++/9/tuple:39[m[K,
[2.191s]                  from [01m[K/usr/include/c++/9/functional:54[m[K,
[2.195s]                  from [01m[K/home/arbot/dev_ws/src/my_cpp_py_pkg/src/cpp_node.cpp:2[m[K:
[2.196s] [01m[K/usr/include/c++/9/bits/basic_string.h:6057:5:[m[K [01;36m[Knote: [m[Kcandidate: â€˜[01m[Kstd::__cxx11::basic_string<_CharT, _Traits, _Alloc> std::operator+(const std::__cxx11::basic_string<_CharT, _Traits, _Alloc>&, const _CharT*) [with _CharT = char; _Traits = std::char_traits<char>; _Alloc = std::allocator<char>][m[Kâ€™
[2.196s]  6057 |     [01;36m[Koperator[m[K+(const basic_string<_CharT, _Traits, _Alloc>& __lhs,
[2.196s]       |     [01;36m[K^~~~~~~~[m[K
[2.196s] [01m[K/usr/include/c++/9/bits/basic_string.h:6058:22:[m[K [01;36m[Knote: [m[K  no known conversion for argument 2 from â€˜[01m[K<unresolved overloaded function type>[m[Kâ€™ to â€˜[01m[Kconst char*[m[Kâ€™
[2.196s]  6058 |        [01;36m[Kconst _CharT* __rhs[m[K)
[2.196s]       |        [01;36m[K~~~~~~~~~~~~~~^~~~~[m[K
[2.196s] [01m[K/usr/include/c++/9/bits/basic_string.h:6073:5:[m[K [01;36m[Knote: [m[Kcandidate: â€˜[01m[Kstd::__cxx11::basic_string<_CharT, _Traits, _Alloc> std::operator+(const std::__cxx11::basic_string<_CharT, _Traits, _Alloc>&, _CharT) [with _CharT = char; _Traits = std::char_traits<char>; _Alloc = std::allocator<char>][m[Kâ€™
[2.196s]  6073 |     [01;36m[Koperator[m[K+(const basic_string<_CharT, _Traits, _Alloc>& __lhs, _CharT __rhs)
[2.196s]       |     [01;36m[K^~~~~~~~[m[K
[2.197s] [01m[K/usr/include/c++/9/bits/basic_string.h:6073:74:[m[K [01;36m[Knote: [m[K  no known conversion for argument 2 from â€˜[01m[K<unresolved overloaded function type>[m[Kâ€™ to â€˜[01m[Kchar[m[Kâ€™
[2.197s]  6073 |     operator+(const basic_string<_CharT, _Traits, _Alloc>& __lhs, [01;36m[K_CharT __rhs[m[K)
[2.197s]       |                                                                   [01;36m[K~~~~~~~^~~~~[m[K
[2.197s] [01m[K/usr/include/c++/9/bits/basic_string.h:6085:5:[m[K [01;36m[Knote: [m[Kcandidate: â€˜[01m[Kstd::__cxx11::basic_string<_CharT, _Traits, _Alloc> std::operator+(std::__cxx11::basic_string<_CharT, _Traits, _Alloc>&&, const std::__cxx11::basic_string<_CharT, _Traits, _Alloc>&) [with _CharT = char; _Traits = std::char_traits<char>; _Alloc = std::allocator<char>][m[Kâ€™
[2.197s]  6085 |     [01;36m[Koperator[m[K+(basic_string<_CharT, _Traits, _Alloc>&& __lhs,
[2.197s]       |     [01;36m[K^~~~~~~~[m[K
[2.197s] [01m[K/usr/include/c++/9/bits/basic_string.h:6086:53:[m[K [01;36m[Knote: [m[K  no known conversion for argument 2 from â€˜[01m[K<unresolved overloaded function type>[m[Kâ€™ to â€˜[01m[Kconst std::__cxx11::basic_string<char>&[m[Kâ€™
[2.197s]  6086 |        [01;36m[Kconst basic_string<_CharT, _Traits, _Alloc>& __rhs[m[K)
[2.197s]       |        [01;36m[K~~~~~~~~~~~~~~~~~~~~~~~~~~~~~~~~~~~~~~~~~~~~~^~~~~[m[K
[2.198s] [01m[K/usr/include/c++/9/bits/basic_string.h:6091:5:[m[K [01;36m[Knote: [m[Kcandidate: â€˜[01m[Kstd::__cxx11::basic_string<_CharT, _Traits, _Alloc> std::operator+(const std::__cxx11::basic_string<_CharT, _Traits, _Alloc>&, std::__cxx11::basic_string<_CharT, _Traits, _Alloc>&&) [with _CharT = char; _Traits = std::char_traits<char>; _Alloc = std::allocator<char>][m[Kâ€™
[2.198s]  6091 |     [01;36m[Koperator[m[K+(const basic_string<_CharT, _Traits, _Alloc>& __lhs,
[2.198s]       |     [01;36m[K^~~~~~~~[m[K
[2.198s] [01m[K/usr/include/c++/9/bits/basic_string.h:6092:48:[m[K [01;36m[Knote: [m[K  no known conversion for argument 2 from â€˜[01m[K<unresolved overloaded function type>[m[Kâ€™ to â€˜[01m[Kstd::__cxx11::basic_string<char>&&[m[Kâ€™
[2.198s]  6092 |        [01;36m[Kbasic_string<_CharT, _Traits, _Alloc>&& __rhs[m[K)
[2.198s]       |        [01;36m[K~~~~~~~~~~~~~~~~~~~~~~~~~~~~~~~~~~~~~~~~^~~~~[m[K
[2.198s] [01m[K/usr/include/c++/9/bits/basic_string.h:6097:5:[m[K [01;36m[Knote: [m[Kcandidate: â€˜[01m[Kstd::__cxx11::basic_string<_CharT, _Traits, _Alloc> std::operator+(std::__cxx11::basic_string<_CharT, _Traits, _Alloc>&&, std::__cxx11::basic_string<_CharT, _Traits, _Alloc>&&) [with _CharT = char; _Traits = std::char_traits<char>; _Alloc = std::allocator<char>][m[Kâ€™
[2.198s]  6097 |     [01;36m[Koperator[m[K+(basic_string<_CharT, _Traits, _Alloc>&& __lhs,
[2.199s]       |     [01;36m[K^~~~~~~~[m[K
[2.199s] [01m[K/usr/include/c++/9/bits/basic_string.h:6098:48:[m[K [01;36m[Knote: [m[K  no known conversion for argument 2 from â€˜[01m[K<unresolved overloaded function type>[m[Kâ€™ to â€˜[01m[Kstd::__cxx11::basic_string<char>&&[m[Kâ€™
[2.199s]  6098 |        [01;36m[Kbasic_string<_CharT, _Traits, _Alloc>&& __rhs[m[K)
[2.199s]       |        [01;36m[K~~~~~~~~~~~~~~~~~~~~~~~~~~~~~~~~~~~~~~~~^~~~~[m[K
[2.199s] [01m[K/usr/include/c++/9/bits/basic_string.h:6109:5:[m[K [01;36m[Knote: [m[Kcandidate: â€˜[01m[Ktemplate<class _CharT, class _Traits, class _Alloc> std::__cxx11::basic_string<_CharT, _Traits, _Alloc> std::operator+(const _CharT*, std::__cxx11::basic_string<_CharT, _Traits, _Alloc>&&)[m[Kâ€™
[2.199s]  6109 |     [01;36m[Koperator[m[K+(const _CharT* __lhs,
[2.204s]       |     [01;36m[K^~~~~~~~[m[K
[2.204s] [01m[K/usr/include/c++/9/bits/basic_string.h:6109:5:[m[K [01;36m[Knote: [m[K  template argument deduction/substitution failed:
[2.204s] [01m[K/home/arbot/dev_ws/src/my_cpp_py_pkg/src/cpp_node.cpp:54:67:[m[K [01;36m[Knote: [m[K  mismatched types â€˜[01m[Kconst _CharT*[m[Kâ€™ and â€˜[01m[Kstd::__cxx11::basic_string<char>[m[Kâ€™
[2.204s]    54 |       message.data = message.data + ", " + to_string(arr[k][l]) + [01;36m[Kendl[m[K;
[2.204s]       |                                                                   [01;36m[K^~~~[m[K
[2.204s] In file included from [01m[K/usr/include/c++/9/string:55[m[K,
[2.204s]                  from [01m[K/usr/include/c++/9/stdexcept:39[m[K,
[2.204s]                  from [01m[K/usr/include/c++/9/array:39[m[K,
[2.205s]                  from [01m[K/usr/include/c++/9/tuple:39[m[K,
[2.205s]                  from [01m[K/usr/include/c++/9/functional:54[m[K,
[2.205s]                  from [01m[K/home/arbot/dev_ws/src/my_cpp_py_pkg/src/cpp_node.cpp:2[m[K:
[2.205s] [01m[K/usr/include/c++/9/bits/basic_string.h:6115:5:[m[K [01;36m[Knote: [m[Kcandidate: â€˜[01m[Ktemplate<class _CharT, class _Traits, class _Alloc> std::__cxx11::basic_string<_CharT, _Traits, _Alloc> std::operator+(_CharT, std::__cxx11::basic_string<_CharT, _Traits, _Alloc>&&)[m[Kâ€™
[2.205s]  6115 |     [01;36m[Koperator[m[K+(_CharT __lhs,
[2.205s]       |     [01;36m[K^~~~~~~~[m[K
[2.205s] [01m[K/usr/include/c++/9/bits/basic_string.h:6115:5:[m[K [01;36m[Knote: [m[K  template argument deduction/substitution failed:
[2.205s] [01m[K/home/arbot/dev_ws/src/my_cpp_py_pkg/src/cpp_node.cpp:54:67:[m[K [01;36m[Knote: [m[K  couldnâ€™t deduce template parameter â€˜[01m[K_Traits[m[Kâ€™
[2.206s]    54 |       message.data = message.data + ", " + to_string(arr[k][l]) + [01;36m[Kendl[m[K;
[2.206s]       |                                                                   [01;36m[K^~~~[m[K
[2.206s] In file included from [01m[K/usr/include/c++/9/string:55[m[K,
[2.206s]                  from [01m[K/usr/include/c++/9/stdexcept:39[m[K,
[2.206s]                  from [01m[K/usr/include/c++/9/array:39[m[K,
[2.206s]                  from [01m[K/usr/include/c++/9/tuple:39[m[K,
[2.206s]                  from [01m[K/usr/include/c++/9/functional:54[m[K,
[2.206s]                  from [01m[K/home/arbot/dev_ws/src/my_cpp_py_pkg/src/cpp_node.cpp:2[m[K:
[2.206s] [01m[K/usr/include/c++/9/bits/basic_string.h:6121:5:[m[K [01;36m[Knote: [m[Kcandidate: â€˜[01m[Kstd::__cxx11::basic_string<_CharT, _Traits, _Alloc> std::operator+(std::__cxx11::basic_string<_CharT, _Traits, _Alloc>&&, const _CharT*) [with _CharT = char; _Traits = std::char_traits<char>; _Alloc = std::allocator<char>][m[Kâ€™
[2.207s]  6121 |     [01;36m[Koperator[m[K+(basic_string<_CharT, _Traits, _Alloc>&& __lhs,
[2.207s]       |     [01;36m[K^~~~~~~~[m[K
[2.207s] [01m[K/usr/include/c++/9/bits/basic_string.h:6122:22:[m[K [01;36m[Knote: [m[K  no known conversion for argument 2 from â€˜[01m[K<unresolved overloaded function type>[m[Kâ€™ to â€˜[01m[Kconst char*[m[Kâ€™
[2.207s]  6122 |        [01;36m[Kconst _CharT* __rhs[m[K)
[2.207s]       |        [01;36m[K~~~~~~~~~~~~~~^~~~~[m[K
[2.207s] [01m[K/usr/include/c++/9/bits/basic_string.h:6127:5:[m[K [01;36m[Knote: [m[Kcandidate: â€˜[01m[Kstd::__cxx11::basic_string<_CharT, _Traits, _Alloc> std::operator+(std::__cxx11::basic_string<_CharT, _Traits, _Alloc>&&, _CharT) [with _CharT = char; _Traits = std::char_traits<char>; _Alloc = std::allocator<char>][m[Kâ€™
[2.207s]  6127 |     [01;36m[Koperator[m[K+(basic_string<_CharT, _Traits, _Alloc>&& __lhs,
[2.207s]       |     [01;36m[K^~~~~~~~[m[K
[2.212s] [01m[K/usr/include/c++/9/bits/basic_string.h:6128:15:[m[K [01;36m[Knote: [m[K  no known conversion for argument 2 from â€˜[01m[K<unresolved overloaded function type>[m[Kâ€™ to â€˜[01m[Kchar[m[Kâ€™
[2.212s]  6128 |        [01;36m[K_CharT __rhs[m[K)
[2.212s]       |        [01;36m[K~~~~~~~^~~~~[m[K
[2.212s] In file included from [01m[K/usr/include/c++/9/vector:68[m[K,
[2.212s]                  from [01m[K/home/arbot/ros2_foxy/install/rclcpp/include/rclcpp/executor.hpp:27[m[K,
[2.212s]                  from [01m[K/home/arbot/ros2_foxy/install/rclcpp/include/rclcpp/executors/multi_threaded_executor.hpp:25[m[K,
[2.213s]                  from [01m[K/home/arbot/ros2_foxy/install/rclcpp/include/rclcpp/executors.hpp:21[m[K,
[2.213s]                  from [01m[K/home/arbot/ros2_foxy/install/rclcpp/include/rclcpp/rclcpp.hpp:146[m[K,
[2.213s]                  from [01m[K/home/arbot/dev_ws/src/my_cpp_py_pkg/src/cpp_node.cpp:9[m[K:
[2.213s] [01m[K/usr/include/c++/9/bits/stl_bvector.h:303:3:[m[K [01;36m[Knote: [m[Kcandidate: â€˜[01m[Kstd::_Bit_iterator std::operator+(std::ptrdiff_t, const std::_Bit_iterator&)[m[Kâ€™
[2.213s]   303 |   [01;36m[Koperator[m[K+(ptrdiff_t __n, const _Bit_iterator& __x)
[2.213s]       |   [01;36m[K^~~~~~~~[m[K
[2.213s] [01m[K/usr/include/c++/9/bits/stl_bvector.h:303:23:[m[K [01;36m[Knote: [m[K  no known conversion for argument 1 from â€˜[01m[Kstd::__cxx11::basic_string<char>[m[Kâ€™ to â€˜[01m[Kstd::ptrdiff_t[m[Kâ€™ {aka â€˜[01m[Klong int[m[Kâ€™}
[2.213s]   303 |   operator+([01;36m[Kptrdiff_t __n[m[K, const _Bit_iterator& __x)
[2.213s]       |             [01;36m[K~~~~~~~~~~^~~[m[K
[2.214s] [01m[K/usr/include/c++/9/bits/stl_bvector.h:393:3:[m[K [01;36m[Knote: [m[Kcandidate: â€˜[01m[Kstd::_Bit_const_iterator std::operator+(std::ptrdiff_t, const std::_Bit_const_iterator&)[m[Kâ€™
[2.214s]   393 |   [01;36m[Koperator[m[K+(ptrdiff_t __n, const _Bit_const_iterator& __x)
[2.214s]       |   [01;36m[K^~~~~~~~[m[K
[2.214s] [01m[K/usr/include/c++/9/bits/stl_bvector.h:393:23:[m[K [01;36m[Knote: [m[K  no known conversion for argument 1 from â€˜[01m[Kstd::__cxx11::basic_string<char>[m[Kâ€™ to â€˜[01m[Kstd::ptrdiff_t[m[Kâ€™ {aka â€˜[01m[Klong int[m[Kâ€™}
[2.214s]   393 |   operator+([01;36m[Kptrdiff_t __n[m[K, const _Bit_const_iterator& __x)
[2.214s]       |             [01;36m[K~~~~~~~~~~^~~[m[K
[2.214s] In file included from [01m[K/usr/include/c++/9/bits/stl_algobase.h:67[m[K,
[2.214s]                  from [01m[K/usr/include/c++/9/bits/char_traits.h:39[m[K,
[2.215s]                  from [01m[K/usr/include/c++/9/string:40[m[K,
[2.215s]                  from [01m[K/usr/include/c++/9/stdexcept:39[m[K,
[2.215s]                  from [01m[K/usr/include/c++/9/array:39[m[K,
[2.215s]                  from [01m[K/usr/include/c++/9/tuple:39[m[K,
[2.215s]                  from [01m[K/usr/include/c++/9/functional:54[m[K,
[2.215s]                  from [01m[K/home/arbot/dev_ws/src/my_cpp_py_pkg/src/cpp_node.cpp:2[m[K:
[2.215s] [01m[K/usr/include/c++/9/bits/stl_iterator.h:996:5:[m[K [01;36m[Knote: [m[Kcandidate: â€˜[01m[Ktemplate<class _Iterator, class _Container> __gnu_cxx::__normal_iterator<_Iterator, _Container> __gnu_cxx::operator+(typename __gnu_cxx::__normal_iterator<_Iterator, _Container>::difference_type, const __gnu_cxx::__normal_iterator<_Iterator, _Container>&)[m[Kâ€™
[2.216s]   996 |     [01;36m[Koperator[m[K+(typename __normal_iterator<_Iterator, _Container>::difference_type
[2.216s]       |     [01;36m[K^~~~~~~~[m[K
[2.217s] [01m[K/usr/include/c++/9/bits/stl_iterator.h:996:5:[m[K [01;36m[Knote: [m[K  template argument deduction/substitution failed:
[2.217s] [01m[K/home/arbot/dev_ws/src/my_cpp_py_pkg/src/cpp_node.cpp:54:67:[m[K [01;36m[Knote: [m[K  couldnâ€™t deduce template parameter â€˜[01m[K_Iterator[m[Kâ€™
[2.217s]    54 |       message.data = message.data + ", " + to_string(arr[k][l]) + [01;36m[Kendl[m[K;
[2.217s]       |                                                                   [01;36m[K^~~~[m[K
[3.597s] make[2]: *** [CMakeFiles/cpp_executable.dir/build.make:63: CMakeFiles/cpp_executable.dir/src/cpp_node.cpp.o] Error 1
[3.600s] make[1]: *** [CMakeFiles/Makefile2:78: CMakeFiles/cpp_executable.dir/all] Error 2
[3.600s] make: *** [Makefile:141: all] Error 2
[3.600s] Invoked command in '/home/arbot/dev_ws/build/my_cpp_py_pkg' returned '2': CMAKE_PREFIX_PATH=${CMAKE_PREFIX_PATH}:/home/arbot/ros2_foxy/install/ros2bag:/home/arbot/ros2_foxy/install/tracetools_launch:/home/arbot/ros2_foxy/install/topic_monitor:/home/arbot/ros2_foxy/install/examples_tf2_py:/home/arbot/ros2_foxy/install/sros2:/home/arbot/ros2_foxy/install/rqt_topic:/home/arbot/ros2_foxy/install/rqt_reconfigure:/home/arbot/ros2_foxy/install/rqt_action:/home/arbot/ros2_foxy/install/rqt:/home/arbot/ros2_foxy/install/rqt_graph:/home/arbot/ros2_foxy/install/rqt_gui_py:/home/arbot/ros2_foxy/install/rqt_gui:/home/arbot/ros2_foxy/install/ros2trace:/home/arbot/ros2_foxy/install/ros2topic:/home/arbot/ros2_foxy/install/ros2test:/home/arbot/ros2_foxy/install/ros2component:/home/arbot/ros2_foxy/install/ros2param:/home/arbot/ros2_foxy/install/ros2lifecycle:/home/arbot/ros2_foxy/install/ros2service:/home/arbot/ros2_foxy/install/ros2run:/home/arbot/ros2_foxy/install/ros2launch:/home/arbot/ros2_foxy/install/ros2pkg:/home/arbot/ros2_foxy/install/ros2node:/home/arbot/ros2_foxy/install/ros2multicast:/home/arbot/ros2_foxy/install/ros2interface:/home/arbot/ros2_foxy/install/ros2doctor:/home/arbot/ros2_foxy/install/ros2action:/home/arbot/ros2_foxy/install/ros2cli:/home/arbot/ros2_foxy/install/quality_of_service_demo_py:/home/arbot/ros2_foxy/install/launch_testing_ros:/home/arbot/ros2_foxy/install/launch_ros:/home/arbot/ros2_foxy/install/examples_rclpy_minimal_subscriber:/home/arbot/ros2_foxy/install/examples_rclpy_minimal_service:/home/arbot/ros2_foxy/install/examples_rclpy_minimal_publisher:/home/arbot/ros2_foxy/install/examples_rclpy_minimal_client:/home/arbot/ros2_foxy/install/examples_rclpy_minimal_action_server:/home/arbot/ros2_foxy/install/examples_rclpy_minimal_action_client:/home/arbot/ros2_foxy/install/examples_rclpy_executors:/home/arbot/ros2_foxy/install/demo_nodes_py:/home/arbot/ros2_foxy/install/action_tutorials_py:/home/arbot/ros2_foxy/install/ament_uncrustify:/home/arbot/ros2_foxy/install/tracetools_trace:/home/arbot/ros2_foxy/install/tracetools_read:/home/arbot/ros2_foxy/install/test_launch_ros:/home/arbot/ros2_foxy/install/rpyutils:/home/arbot/ros2_foxy/install/rosidl_runtime_py:/home/arbot/ros2_foxy/install/launch_yaml:/home/arbot/ros2_foxy/install/launch_xml:/home/arbot/ros2_foxy/install/launch_testing:/home/arbot/ros2_foxy/install/launch:/home/arbot/ros2_foxy/install/osrf_pycommon:/home/arbot/ros2_foxy/install/domain_coordinator:/home/arbot/ros2_foxy/install/ament_xmllint:/home/arbot/ros2_foxy/install/ament_pyflakes:/home/arbot/ros2_foxy/install/ament_pycodestyle:/home/arbot/ros2_foxy/install/ament_pep257:/home/arbot/ros2_foxy/install/ament_pclint:/home/arbot/ros2_foxy/install/ament_package:/home/arbot/ros2_foxy/install/ament_mypy:/home/arbot/ros2_foxy/install/ament_lint_cmake:/home/arbot/ros2_foxy/install/ament_flake8:/home/arbot/ros2_foxy/install/ament_copyright:/home/arbot/ros2_foxy/install/ament_lint:/home/arbot/ros2_foxy/install/ament_index_python:/home/arbot/ros2_foxy/install/ament_cpplint:/home/arbot/ros2_foxy/install/ament_cppcheck:/home/arbot/ros2_foxy/install/ament_clang_tidy:/home/arbot/ros2_foxy/install/ament_clang_format /usr/bin/cmake --build /home/arbot/dev_ws/build/my_cpp_py_pkg -- -j1 -l1
