[0.032s] Invoking command in '/home/arbot/arbot_Arduino_Pi/dev_ws/build/my_cpp_py_pkg': /usr/bin/cmake --build /home/arbot/arbot_Arduino_Pi/dev_ws/build/my_cpp_py_pkg -- -j1 -l1
[0.084s] CMake Error: The current CMakeCache.txt directory /home/arbot/arbot_Arduino_Pi/dev_ws/build/my_cpp_py_pkg/CMakeCache.txt is different than the directory /home/arbot/dev_ws/build/my_cpp_py_pkg where CMakeCache.txt was created. This may result in binaries being created in the wrong place. If you are not sure, reedit the CMakeCache.txt
[0.555s] -- Found ament_cmake: 0.9.6 (/home/arbot/ros2_foxy/install/ament_cmake/share/ament_cmake/cmake)
[0.590s] -- Using PYTHON_EXECUTABLE: /usr/bin/python3
[0.711s] Traceback (most recent call last):
[0.711s]   File "/home/arbot/ros2_foxy/install/ament_cmake_core/share/ament_cmake_core/cmake/package_templates/templates_2_cmake.py", line 21, in <module>
[0.711s]     from ament_package.templates import get_environment_hook_template_path
[0.711s] ModuleNotFoundError: No module named 'ament_package'
[0.723s] CMake Error at /home/arbot/ros2_foxy/install/ament_cmake_core/share/ament_cmake_core/cmake/ament_cmake_package_templates-extras.cmake:41 (message):
[0.724s]   execute_process(/usr/bin/python3
[0.724s]   /home/arbot/ros2_foxy/install/ament_cmake_core/share/ament_cmake_core/cmake/package_templates/templates_2_cmake.py
[0.724s]   /home/arbot/dev_ws/build/my_cpp_py_pkg/ament_cmake_package_templates/templates.cmake)
[0.724s]   returned error code 1
[0.725s] Call Stack (most recent call first):
[0.725s]   /home/arbot/ros2_foxy/install/ament_cmake_core/share/ament_cmake_core/cmake/ament_cmake_coreConfig.cmake:41 (include)
[0.725s]   /home/arbot/ros2_foxy/install/ament_cmake/share/ament_cmake/cmake/ament_cmake_export_dependencies-extras.cmake:15 (find_package)
[0.725s]   /home/arbot/ros2_foxy/install/ament_cmake/share/ament_cmake/cmake/ament_cmakeConfig.cmake:41 (include)
[0.725s]   CMakeLists.txt:14 (find_package)
[0.725s] 
[0.725s] 
[0.726s] -- Configuring incomplete, errors occurred!
[0.727s] See also "/home/arbot/dev_ws/build/my_cpp_py_pkg/CMakeFiles/CMakeOutput.log".
[0.727s] See also "/home/arbot/dev_ws/build/my_cpp_py_pkg/CMakeFiles/CMakeError.log".
[0.734s] make: *** [Makefile:266: cmake_check_build_system] Error 1
[0.734s] Invoked command in '/home/arbot/arbot_Arduino_Pi/dev_ws/build/my_cpp_py_pkg' returned '2': /usr/bin/cmake --build /home/arbot/arbot_Arduino_Pi/dev_ws/build/my_cpp_py_pkg -- -j1 -l1
