[35m[1mScanning dependencies of target cpp_executable[0m
[ 50%] [32mBuilding CXX object CMakeFiles/cpp_executable.dir/src/cpp_node.cpp.o[0m
[01m[K/home/arbot/dev_ws/src/my_cpp_py_pkg/src/cpp_node.cpp:[m[K In member function â€˜[01m[Kvoid MinimalPublisher::timer_callback()[m[Kâ€™:
[01m[K/home/arbot/dev_ws/src/my_cpp_py_pkg/src/cpp_node.cpp:36:20:[m[K [01;31m[Kerror: [m[Kcannot convert â€˜[01m[Kstd_msgs::msg::String_<std::allocator<void> >::_data_type[m[Kâ€™ {aka â€˜[01m[Kstd::__cxx11::basic_string<char>[m[Kâ€™} to â€˜[01m[Kchar*[m[Kâ€™
   36 |    sprintf([01;31m[Kmessage.data[m[K,"[%d,%d,%d,%d]",ran[0],ran[1],ran[2],ran[3]);
      |            [01;31m[K~~~~~~~~^~~~[m[K
      |                    [01;31m[K|[m[K
      |                    [01;31m[Kstd_msgs::msg::String_<std::allocator<void> >::_data_type {aka std::__cxx11::basic_string<char>}[m[K
In file included from [01m[K/usr/include/c++/9/cstdio:42[m[K,
                 from [01m[K/usr/include/c++/9/ext/string_conversions.h:43[m[K,
                 from [01m[K/usr/include/c++/9/bits/basic_string.h:6493[m[K,
                 from [01m[K/usr/include/c++/9/string:55[m[K,
                 from [01m[K/usr/include/c++/9/stdexcept:39[m[K,
                 from [01m[K/usr/include/c++/9/array:39[m[K,
                 from [01m[K/usr/include/c++/9/tuple:39[m[K,
                 from [01m[K/usr/include/c++/9/functional:54[m[K,
                 from [01m[K/home/arbot/dev_ws/src/my_cpp_py_pkg/src/cpp_node.cpp:2[m[K:
[01m[K/usr/include/stdio.h:334:38:[m[K [01;36m[Knote: [m[K  initializing argument 1 of â€˜[01m[Kint sprintf(char*, const char*, ...)[m[Kâ€™
  334 | extern int sprintf ([01;36m[Kchar *__restrict __s[m[K,
      |                     [01;36m[K~~~~~~~~~~~~~~~~~^~~[m[K
make[2]: *** [CMakeFiles/cpp_executable.dir/build.make:63: CMakeFiles/cpp_executable.dir/src/cpp_node.cpp.o] Error 1
make[1]: *** [CMakeFiles/Makefile2:78: CMakeFiles/cpp_executable.dir/all] Error 2
make: *** [Makefile:141: all] Error 2
