[0.097s] Invoking command in '/home/arbot/dev_ws/build/my_cpp_py_pkg': CMAKE_PREFIX_PATH=${CMAKE_PREFIX_PATH}:/home/arbot/ros2_foxy/install/ros2bag:/home/arbot/ros2_foxy/install/tracetools_launch:/home/arbot/ros2_foxy/install/topic_monitor:/home/arbot/ros2_foxy/install/examples_tf2_py:/home/arbot/ros2_foxy/install/sros2:/home/arbot/ros2_foxy/install/rqt_topic:/home/arbot/ros2_foxy/install/rqt_reconfigure:/home/arbot/ros2_foxy/install/rqt_action:/home/arbot/ros2_foxy/install/rqt:/home/arbot/ros2_foxy/install/rqt_graph:/home/arbot/ros2_foxy/install/rqt_gui_py:/home/arbot/ros2_foxy/install/rqt_gui:/home/arbot/ros2_foxy/install/ros2trace:/home/arbot/ros2_foxy/install/ros2topic:/home/arbot/ros2_foxy/install/ros2test:/home/arbot/ros2_foxy/install/ros2component:/home/arbot/ros2_foxy/install/ros2param:/home/arbot/ros2_foxy/install/ros2lifecycle:/home/arbot/ros2_foxy/install/ros2service:/home/arbot/ros2_foxy/install/ros2run:/home/arbot/ros2_foxy/install/ros2launch:/home/arbot/ros2_foxy/install/ros2pkg:/home/arbot/ros2_foxy/install/ros2node:/home/arbot/ros2_foxy/install/ros2multicast:/home/arbot/ros2_foxy/install/ros2interface:/home/arbot/ros2_foxy/install/ros2doctor:/home/arbot/ros2_foxy/install/ros2action:/home/arbot/ros2_foxy/install/ros2cli:/home/arbot/ros2_foxy/install/quality_of_service_demo_py:/home/arbot/ros2_foxy/install/launch_testing_ros:/home/arbot/ros2_foxy/install/launch_ros:/home/arbot/ros2_foxy/install/examples_rclpy_minimal_subscriber:/home/arbot/ros2_foxy/install/examples_rclpy_minimal_service:/home/arbot/ros2_foxy/install/examples_rclpy_minimal_publisher:/home/arbot/ros2_foxy/install/examples_rclpy_minimal_client:/home/arbot/ros2_foxy/install/examples_rclpy_minimal_action_server:/home/arbot/ros2_foxy/install/examples_rclpy_minimal_action_client:/home/arbot/ros2_foxy/install/examples_rclpy_executors:/home/arbot/ros2_foxy/install/demo_nodes_py:/home/arbot/ros2_foxy/install/action_tutorials_py:/home/arbot/ros2_foxy/install/ament_uncrustify:/home/arbot/ros2_foxy/install/tracetools_trace:/home/arbot/ros2_foxy/install/tracetools_read:/home/arbot/ros2_foxy/install/test_launch_ros:/home/arbot/ros2_foxy/install/rpyutils:/home/arbot/ros2_foxy/install/rosidl_runtime_py:/home/arbot/ros2_foxy/install/launch_yaml:/home/arbot/ros2_foxy/install/launch_xml:/home/arbot/ros2_foxy/install/launch_testing:/home/arbot/ros2_foxy/install/launch:/home/arbot/ros2_foxy/install/osrf_pycommon:/home/arbot/ros2_foxy/install/domain_coordinator:/home/arbot/ros2_foxy/install/ament_xmllint:/home/arbot/ros2_foxy/install/ament_pyflakes:/home/arbot/ros2_foxy/install/ament_pycodestyle:/home/arbot/ros2_foxy/install/ament_pep257:/home/arbot/ros2_foxy/install/ament_pclint:/home/arbot/ros2_foxy/install/ament_package:/home/arbot/ros2_foxy/install/ament_mypy:/home/arbot/ros2_foxy/install/ament_lint_cmake:/home/arbot/ros2_foxy/install/ament_flake8:/home/arbot/ros2_foxy/install/ament_copyright:/home/arbot/ros2_foxy/install/ament_lint:/home/arbot/ros2_foxy/install/ament_index_python:/home/arbot/ros2_foxy/install/ament_cpplint:/home/arbot/ros2_foxy/install/ament_cppcheck:/home/arbot/ros2_foxy/install/ament_clang_tidy:/home/arbot/ros2_foxy/install/ament_clang_format /usr/bin/cmake --build /home/arbot/dev_ws/build/my_cpp_py_pkg -- -j1 -l1
[0.667s] [35m[1mScanning dependencies of target cpp_executable[0m
[0.723s] [ 50%] [32mBuilding CXX object CMakeFiles/cpp_executable.dir/src/cpp_node.cpp.o[0m
[4.159s] [01m[K/home/arbot/dev_ws/src/my_cpp_py_pkg/src/cpp_node.cpp:[m[K In member function â€˜[01m[Kvoid MinimalPublisher::timer_callback()[m[Kâ€™:
[4.159s] [01m[K/home/arbot/dev_ws/src/my_cpp_py_pkg/src/cpp_node.cpp:36:20:[m[K [01;31m[Kerror: [m[Kcannot convert â€˜[01m[Kstd_msgs::msg::String_<std::allocator<void> >::_data_type[m[Kâ€™ {aka â€˜[01m[Kstd::__cxx11::basic_string<char>[m[Kâ€™} to â€˜[01m[Kchar*[m[Kâ€™
[4.159s]    36 |    sprintf([01;31m[Kmessage.data[m[K,"[%d,%d,%d,%d]",ran[0],ran[1],ran[2],ran[3]);
[4.159s]       |            [01;31m[K~~~~~~~~^~~~[m[K
[4.159s]       |                    [01;31m[K|[m[K
[4.159s]       |                    [01;31m[Kstd_msgs::msg::String_<std::allocator<void> >::_data_type {aka std::__cxx11::basic_string<char>}[m[K
[4.159s] In file included from [01m[K/usr/include/c++/9/cstdio:42[m[K,
[4.160s]                  from [01m[K/usr/include/c++/9/ext/string_conversions.h:43[m[K,
[4.160s]                  from [01m[K/usr/include/c++/9/bits/basic_string.h:6493[m[K,
[4.160s]                  from [01m[K/usr/include/c++/9/string:55[m[K,
[4.160s]                  from [01m[K/usr/include/c++/9/stdexcept:39[m[K,
[4.160s]                  from [01m[K/usr/include/c++/9/array:39[m[K,
[4.160s]                  from [01m[K/usr/include/c++/9/tuple:39[m[K,
[4.161s]                  from [01m[K/usr/include/c++/9/functional:54[m[K,
[4.161s]                  from [01m[K/home/arbot/dev_ws/src/my_cpp_py_pkg/src/cpp_node.cpp:2[m[K:
[4.161s] [01m[K/usr/include/stdio.h:334:38:[m[K [01;36m[Knote: [m[K  initializing argument 1 of â€˜[01m[Kint sprintf(char*, const char*, ...)[m[Kâ€™
[4.161s]   334 | extern int sprintf ([01;36m[Kchar *__restrict __s[m[K,
[4.161s]       |                     [01;36m[K~~~~~~~~~~~~~~~~~^~~[m[K
[5.382s] make[2]: *** [CMakeFiles/cpp_executable.dir/build.make:63: CMakeFiles/cpp_executable.dir/src/cpp_node.cpp.o] Error 1
[5.384s] make[1]: *** [CMakeFiles/Makefile2:78: CMakeFiles/cpp_executable.dir/all] Error 2
[5.384s] make: *** [Makefile:141: all] Error 2
[5.385s] Invoked command in '/home/arbot/dev_ws/build/my_cpp_py_pkg' returned '2': CMAKE_PREFIX_PATH=${CMAKE_PREFIX_PATH}:/home/arbot/ros2_foxy/install/ros2bag:/home/arbot/ros2_foxy/install/tracetools_launch:/home/arbot/ros2_foxy/install/topic_monitor:/home/arbot/ros2_foxy/install/examples_tf2_py:/home/arbot/ros2_foxy/install/sros2:/home/arbot/ros2_foxy/install/rqt_topic:/home/arbot/ros2_foxy/install/rqt_reconfigure:/home/arbot/ros2_foxy/install/rqt_action:/home/arbot/ros2_foxy/install/rqt:/home/arbot/ros2_foxy/install/rqt_graph:/home/arbot/ros2_foxy/install/rqt_gui_py:/home/arbot/ros2_foxy/install/rqt_gui:/home/arbot/ros2_foxy/install/ros2trace:/home/arbot/ros2_foxy/install/ros2topic:/home/arbot/ros2_foxy/install/ros2test:/home/arbot/ros2_foxy/install/ros2component:/home/arbot/ros2_foxy/install/ros2param:/home/arbot/ros2_foxy/install/ros2lifecycle:/home/arbot/ros2_foxy/install/ros2service:/home/arbot/ros2_foxy/install/ros2run:/home/arbot/ros2_foxy/install/ros2launch:/home/arbot/ros2_foxy/install/ros2pkg:/home/arbot/ros2_foxy/install/ros2node:/home/arbot/ros2_foxy/install/ros2multicast:/home/arbot/ros2_foxy/install/ros2interface:/home/arbot/ros2_foxy/install/ros2doctor:/home/arbot/ros2_foxy/install/ros2action:/home/arbot/ros2_foxy/install/ros2cli:/home/arbot/ros2_foxy/install/quality_of_service_demo_py:/home/arbot/ros2_foxy/install/launch_testing_ros:/home/arbot/ros2_foxy/install/launch_ros:/home/arbot/ros2_foxy/install/examples_rclpy_minimal_subscriber:/home/arbot/ros2_foxy/install/examples_rclpy_minimal_service:/home/arbot/ros2_foxy/install/examples_rclpy_minimal_publisher:/home/arbot/ros2_foxy/install/examples_rclpy_minimal_client:/home/arbot/ros2_foxy/install/examples_rclpy_minimal_action_server:/home/arbot/ros2_foxy/install/examples_rclpy_minimal_action_client:/home/arbot/ros2_foxy/install/examples_rclpy_executors:/home/arbot/ros2_foxy/install/demo_nodes_py:/home/arbot/ros2_foxy/install/action_tutorials_py:/home/arbot/ros2_foxy/install/ament_uncrustify:/home/arbot/ros2_foxy/install/tracetools_trace:/home/arbot/ros2_foxy/install/tracetools_read:/home/arbot/ros2_foxy/install/test_launch_ros:/home/arbot/ros2_foxy/install/rpyutils:/home/arbot/ros2_foxy/install/rosidl_runtime_py:/home/arbot/ros2_foxy/install/launch_yaml:/home/arbot/ros2_foxy/install/launch_xml:/home/arbot/ros2_foxy/install/launch_testing:/home/arbot/ros2_foxy/install/launch:/home/arbot/ros2_foxy/install/osrf_pycommon:/home/arbot/ros2_foxy/install/domain_coordinator:/home/arbot/ros2_foxy/install/ament_xmllint:/home/arbot/ros2_foxy/install/ament_pyflakes:/home/arbot/ros2_foxy/install/ament_pycodestyle:/home/arbot/ros2_foxy/install/ament_pep257:/home/arbot/ros2_foxy/install/ament_pclint:/home/arbot/ros2_foxy/install/ament_package:/home/arbot/ros2_foxy/install/ament_mypy:/home/arbot/ros2_foxy/install/ament_lint_cmake:/home/arbot/ros2_foxy/install/ament_flake8:/home/arbot/ros2_foxy/install/ament_copyright:/home/arbot/ros2_foxy/install/ament_lint:/home/arbot/ros2_foxy/install/ament_index_python:/home/arbot/ros2_foxy/install/ament_cpplint:/home/arbot/ros2_foxy/install/ament_cppcheck:/home/arbot/ros2_foxy/install/ament_clang_tidy:/home/arbot/ros2_foxy/install/ament_clang_format /usr/bin/cmake --build /home/arbot/dev_ws/build/my_cpp_py_pkg -- -j1 -l1
